build/app/intermediates/manifest_merge_blame_file/debug/manifest-merger-blame-debug-report.txt
1<?xml version="1.0" encoding="utf-8"?>
2<manifest xmlns:android="http://schemas.android.com/apk/res/android"
3    package="com.laporin.app"
4    android:versionCode="1"
5    android:versionName="1.0.0" >
6
7    <uses-sdk
8        android:minSdkVersion="21"
9        android:targetSdkVersion="33" />
10    <!--
11         Flutter needs it to communicate with the running application
12         to allow setting breakpoints, to provide hot reload, etc.
13    -->
14    <uses-permission android:name="android.permission.INTERNET" />
14-->src/main/AndroidManifest.xml:4:5-66
14-->src/main/AndroidManifest.xml:4:22-64
15    <uses-permission android:name="android.permission.ACCESS_FINE_LOCATION" />
15-->src/main/AndroidManifest.xml:5:5-78
15-->src/main/AndroidManifest.xml:5:22-76
16    <uses-permission android:name="android.permission.ACCESS_COARSE_LOCATION" />
16-->src/main/AndroidManifest.xml:6:5-80
16-->src/main/AndroidManifest.xml:6:22-78
17    <uses-permission android:name="android.permission.CAMERA" />
17-->src/main/AndroidManifest.xml:7:5-64
17-->src/main/AndroidManifest.xml:7:22-62
18    <uses-permission android:name="android.permission.READ_EXTERNAL_STORAGE" />
18-->src/main/AndroidManifest.xml:8:5-80
18-->src/main/AndroidManifest.xml:8:22-77
19    <uses-permission android:name="android.permission.WRITE_EXTERNAL_STORAGE" />
19-->src/main/AndroidManifest.xml:9:5-81
19-->src/main/AndroidManifest.xml:9:22-78
20
21    <queries>
21-->[:file_picker] AndroidManifest.xml:11:5-17:15
22        <intent>
22-->[:file_picker] AndroidManifest.xml:12:9-16:18
23            <action android:name="android.intent.action.GET_CONTENT" />
23-->[:file_picker] AndroidManifest.xml:13:13-72
23-->[:file_picker] AndroidManifest.xml:13:21-69
24
25            <data android:mimeType="*/*" />
25-->src/main/AndroidManifest.xml:52:17-77
26        </intent>
27    </queries>
28
29    <uses-permission android:name="android.permission.ACCESS_NETWORK_STATE" />
29-->[com.google.firebase:firebase-config:21.4.0] AndroidManifest.xml:24:5-79
29-->[com.google.firebase:firebase-config:21.4.0] AndroidManifest.xml:24:22-76
30
31    <permission
31-->[androidx.core:core:1.10.1] AndroidManifest.xml:22:5-24:47
32        android:name="com.laporin.app.DYNAMIC_RECEIVER_NOT_EXPORTED_PERMISSION"
32-->[androidx.core:core:1.10.1] AndroidManifest.xml:23:9-81
33        android:protectionLevel="signature" />
33-->[androidx.core:core:1.10.1] AndroidManifest.xml:24:9-44
34
35    <uses-permission android:name="com.laporin.app.DYNAMIC_RECEIVER_NOT_EXPORTED_PERMISSION" />
35-->[androidx.core:core:1.10.1] AndroidManifest.xml:26:5-97
35-->[androidx.core:core:1.10.1] AndroidManifest.xml:26:22-94
36
37    <application
37-->src/main/AndroidManifest.xml:11:5-65:19
38        android:appComponentFactory="androidx.core.app.CoreComponentFactory"
38-->[androidx.core:core:1.10.1] AndroidManifest.xml:28:18-86
39        android:debuggable="true"
40        android:icon="@mipmap/ic_launcher"
40-->src/main/AndroidManifest.xml:14:9-43
41        android:label="Laporin"
41-->src/main/AndroidManifest.xml:12:9-32
42        android:requestLegacyExternalStorage="true" >
42-->src/main/AndroidManifest.xml:15:9-52
43        <activity
43-->src/main/AndroidManifest.xml:17:9-55:20
44            android:name="com.laporin.app.MainActivity"
44-->src/main/AndroidManifest.xml:18:13-41
45            android:configChanges="orientation|keyboardHidden|keyboard|screenSize|smallestScreenSize|locale|layoutDirection|fontScale|screenLayout|density|uiMode"
45-->src/main/AndroidManifest.xml:22:13-163
46            android:exported="true"
46-->src/main/AndroidManifest.xml:19:13-36
47            android:hardwareAccelerated="true"
47-->src/main/AndroidManifest.xml:23:13-47
48            android:launchMode="singleTop"
48-->src/main/AndroidManifest.xml:20:13-43
49            android:theme="@style/LaunchTheme"
49-->src/main/AndroidManifest.xml:21:13-47
50            android:windowSoftInputMode="adjustResize" >
50-->src/main/AndroidManifest.xml:24:13-55
51
52            <!--
53                 Specifies an Android theme to apply to this Activity as soon as
54                 the Android process has started. This theme is visible to the user
55                 while the Flutter UI initializes. After that, this theme continues
56                 to determine the Window background behind the Flutter UI.
57            -->
58            <meta-data
58-->src/main/AndroidManifest.xml:29:13-32:17
59                android:name="io.flutter.embedding.android.NormalTheme"
59-->src/main/AndroidManifest.xml:30:15-70
60                android:resource="@style/NormalTheme" />
60-->src/main/AndroidManifest.xml:31:15-52
61            <!--
62                 Displays an Android View that continues showing the launch screen
63                 Drawable until Flutter paints its first frame, then this splash
64                 screen fades out. A splash screen is useful to avoid any visual
65                 gap between the end of Android's launch screen and the painting of
66                 Flutter's first frame.
67            -->
68            <meta-data
68-->src/main/AndroidManifest.xml:38:13-41:17
69                android:name="io.flutter.embedding.android.SplashScreenDrawable"
69-->src/main/AndroidManifest.xml:39:15-79
70                android:resource="@drawable/launch_background" />
70-->src/main/AndroidManifest.xml:40:15-61
71
72            <intent-filter>
72-->src/main/AndroidManifest.xml:42:13-45:29
73                <action android:name="android.intent.action.MAIN" />
73-->src/main/AndroidManifest.xml:43:17-68
73-->src/main/AndroidManifest.xml:43:25-66
74
75                <category android:name="android.intent.category.LAUNCHER" />
75-->src/main/AndroidManifest.xml:44:17-76
75-->src/main/AndroidManifest.xml:44:27-74
76            </intent-filter>
77            <!-- Deep linking -->
78            <meta-data
78-->src/main/AndroidManifest.xml:47:13-90
79                android:name="flutter_deeplinking_enabled"
79-->src/main/AndroidManifest.xml:47:24-66
80                android:value="true" />
80-->src/main/AndroidManifest.xml:47:67-87
81
82            <intent-filter android:autoVerify="true" >
82-->src/main/AndroidManifest.xml:48:13-53:29
82-->src/main/AndroidManifest.xml:48:28-53
83                <action android:name="android.intent.action.VIEW" />
83-->src/main/AndroidManifest.xml:49:17-69
83-->src/main/AndroidManifest.xml:49:25-66
84
85                <category android:name="android.intent.category.DEFAULT" />
85-->src/main/AndroidManifest.xml:50:17-76
85-->src/main/AndroidManifest.xml:50:27-73
86                <category android:name="android.intent.category.BROWSABLE" />
86-->src/main/AndroidManifest.xml:51:17-78
86-->src/main/AndroidManifest.xml:51:27-75
87
88                <data
88-->src/main/AndroidManifest.xml:52:17-77
89                    android:host="laporin.com"
89-->src/main/AndroidManifest.xml:52:48-74
90                    android:scheme="laporin" />
90-->src/main/AndroidManifest.xml:52:23-47
91            </intent-filter>
92        </activity>
93
94        <!--
95             Don't delete the meta-data below.
96             This is used by the Flutter tool to generate GeneratedPluginRegistrant.java
97        -->
98        <meta-data
98-->src/main/AndroidManifest.xml:59:9-61:33
99            android:name="flutterEmbedding"
99-->src/main/AndroidManifest.xml:60:13-44
100            android:value="2" />
100-->src/main/AndroidManifest.xml:61:13-30
101
102        <service
102-->[:firebase_crashlytics] AndroidManifest.xml:10:9-14:19
103            android:name="com.google.firebase.components.ComponentDiscoveryService"
103-->[:firebase_crashlytics] AndroidManifest.xml:10:18-89
104            android:directBootAware="true"
104-->[com.google.firebase:firebase-common:20.3.2] AndroidManifest.xml:34:13-43
105            android:exported="false" >
105-->[com.google.firebase:firebase-perf:20.3.2] AndroidManifest.xml:15:13-37
106            <meta-data
106-->[:firebase_crashlytics] AndroidManifest.xml:11:13-13:85
107                android:name="com.google.firebase.components:io.flutter.plugins.firebase.crashlytics.FlutterFirebaseAppRegistrar"
107-->[:firebase_crashlytics] AndroidManifest.xml:12:17-130
108                android:value="com.google.firebase.components.ComponentRegistrar" />
108-->[:firebase_crashlytics] AndroidManifest.xml:13:17-82
109            <meta-data
109-->[:firebase_performance] AndroidManifest.xml:13:13-15:85
110                android:name="com.google.firebase.components:io.flutter.plugins.firebase.performance.FlutterFirebaseAppRegistrar"
110-->[:firebase_performance] AndroidManifest.xml:14:17-130
111                android:value="com.google.firebase.components.ComponentRegistrar" />
111-->[:firebase_performance] AndroidManifest.xml:15:17-82
112            <meta-data
112-->[:firebase_core] AndroidManifest.xml:11:13-13:85
113                android:name="com.google.firebase.components:io.flutter.plugins.firebase.core.FlutterFirebaseCoreRegistrar"
113-->[:firebase_core] AndroidManifest.xml:12:17-124
114                android:value="com.google.firebase.components.ComponentRegistrar" />
114-->[:firebase_core] AndroidManifest.xml:13:17-82
115            <meta-data
115-->[com.google.firebase:firebase-perf:20.3.2] AndroidManifest.xml:16:13-18:85
116                android:name="com.google.firebase.components:com.google.firebase.perf.FirebasePerfRegistrar"
116-->[com.google.firebase:firebase-perf:20.3.2] AndroidManifest.xml:17:17-109
117                android:value="com.google.firebase.components.ComponentRegistrar" />
117-->[com.google.firebase:firebase-perf:20.3.2] AndroidManifest.xml:18:17-82
118            <meta-data
118-->[com.google.firebase:firebase-crashlytics:18.3.7] AndroidManifest.xml:17:13-19:85
119                android:name="com.google.firebase.components:com.google.firebase.crashlytics.CrashlyticsRegistrar"
119-->[com.google.firebase:firebase-crashlytics:18.3.7] AndroidManifest.xml:18:17-115
120                android:value="com.google.firebase.components.ComponentRegistrar" />
120-->[com.google.firebase:firebase-crashlytics:18.3.7] AndroidManifest.xml:19:17-82
121            <meta-data
121-->[com.google.firebase:firebase-datatransport:18.1.8] AndroidManifest.xml:27:13-29:85
122                android:name="com.google.firebase.components:com.google.firebase.datatransport.TransportRegistrar"
122-->[com.google.firebase:firebase-datatransport:18.1.8] AndroidManifest.xml:28:17-115
123                android:value="com.google.firebase.components.ComponentRegistrar" />
123-->[com.google.firebase:firebase-datatransport:18.1.8] AndroidManifest.xml:29:17-82
124            <meta-data
124-->[com.google.firebase:firebase-config:21.4.0] AndroidManifest.xml:31:13-33:85
125                android:name="com.google.firebase.components:com.google.firebase.remoteconfig.RemoteConfigRegistrar"
125-->[com.google.firebase:firebase-config:21.4.0] AndroidManifest.xml:32:17-117
126                android:value="com.google.firebase.components.ComponentRegistrar" />
126-->[com.google.firebase:firebase-config:21.4.0] AndroidManifest.xml:33:17-82
127            <meta-data
127-->[com.google.firebase:firebase-installations:17.1.3] AndroidManifest.xml:17:13-19:85
128                android:name="com.google.firebase.components:com.google.firebase.installations.FirebaseInstallationsRegistrar"
128-->[com.google.firebase:firebase-installations:17.1.3] AndroidManifest.xml:18:17-127
129                android:value="com.google.firebase.components.ComponentRegistrar" />
129-->[com.google.firebase:firebase-installations:17.1.3] AndroidManifest.xml:19:17-82
130            <meta-data
130-->[com.google.firebase:firebase-abt:21.1.1] AndroidManifest.xml:12:13-14:85
131                android:name="com.google.firebase.components:com.google.firebase.abt.component.AbtRegistrar"
131-->[com.google.firebase:firebase-abt:21.1.1] AndroidManifest.xml:13:17-109
132                android:value="com.google.firebase.components.ComponentRegistrar" />
132-->[com.google.firebase:firebase-abt:21.1.1] AndroidManifest.xml:14:17-82
133        </service>
134        <service
134-->[:geolocator_android] AndroidManifest.xml:10:9-14:56
135            android:name="com.baseflow.geolocator.GeolocatorLocationService"
135-->[:geolocator_android] AndroidManifest.xml:11:13-77
136            android:enabled="true"
136-->[:geolocator_android] AndroidManifest.xml:12:13-35
137            android:exported="false"
137-->[:geolocator_android] AndroidManifest.xml:13:13-37
138            android:foregroundServiceType="location" />
138-->[:geolocator_android] AndroidManifest.xml:14:13-53
139
140        <provider
140-->[:image_picker_android] AndroidManifest.xml:10:9-18:20
141            android:name="io.flutter.plugins.imagepicker.ImagePickerFileProvider"
141-->[:image_picker_android] AndroidManifest.xml:11:13-82
142            android:authorities="com.laporin.app.flutter.image_provider"
142-->[:image_picker_android] AndroidManifest.xml:12:13-74
143            android:exported="false"
143-->[:image_picker_android] AndroidManifest.xml:13:13-37
144            android:grantUriPermissions="true" >
144-->[:image_picker_android] AndroidManifest.xml:14:13-47
145            <meta-data
145-->[:image_picker_android] AndroidManifest.xml:15:13-17:75
146                android:name="android.support.FILE_PROVIDER_PATHS"
146-->[:image_picker_android] AndroidManifest.xml:16:17-67
147                android:resource="@xml/flutter_image_picker_file_paths" />
147-->[:image_picker_android] AndroidManifest.xml:17:17-72
148        </provider>
149
150        <activity
150-->[:url_launcher_android] AndroidManifest.xml:10:9-13:74
151            android:name="io.flutter.plugins.urllauncher.WebViewActivity"
151-->[:url_launcher_android] AndroidManifest.xml:11:13-74
152            android:exported="false"
152-->[:url_launcher_android] AndroidManifest.xml:12:13-37
153            android:theme="@android:style/Theme.NoTitleBar.Fullscreen" />
153-->[:url_launcher_android] AndroidManifest.xml:13:13-71
154        <activity
154-->[com.google.android.gms:play-services-base:18.1.0] AndroidManifest.xml:20:9-22:45
155            android:name="com.google.android.gms.common.api.GoogleApiActivity"
155-->[com.google.android.gms:play-services-base:18.1.0] AndroidManifest.xml:20:19-85
156            android:exported="false"
156-->[com.google.android.gms:play-services-base:18.1.0] AndroidManifest.xml:22:19-43
157            android:theme="@android:style/Theme.Translucent.NoTitleBar" />
157-->[com.google.android.gms:play-services-base:18.1.0] AndroidManifest.xml:21:19-78
158
159        <provider
159-->[com.google.firebase:firebase-common:20.3.2] AndroidManifest.xml:25:9-30:39
160            android:name="com.google.firebase.provider.FirebaseInitProvider"
160-->[com.google.firebase:firebase-common:20.3.2] AndroidManifest.xml:26:13-77
161            android:authorities="com.laporin.app.firebaseinitprovider"
161-->[com.google.firebase:firebase-common:20.3.2] AndroidManifest.xml:27:13-72
162            android:directBootAware="true"
162-->[com.google.firebase:firebase-common:20.3.2] AndroidManifest.xml:28:13-43
163            android:exported="false"
163-->[com.google.firebase:firebase-common:20.3.2] AndroidManifest.xml:29:13-37
164            android:initOrder="100" />
164-->[com.google.firebase:firebase-common:20.3.2] AndroidManifest.xml:30:13-36
165
166        <meta-data
166-->[com.google.android.gms:play-services-basement:18.1.0] AndroidManifest.xml:21:9-23:69
167            android:name="com.google.android.gms.version"
167-->[com.google.android.gms:play-services-basement:18.1.0] AndroidManifest.xml:22:13-58
168            android:value="@integer/google_play_services_version" />
168-->[com.google.android.gms:play-services-basement:18.1.0] AndroidManifest.xml:23:13-66
169
170        <uses-library
170-->[androidx.window:window:1.0.0-beta04] AndroidManifest.xml:25:9-27:40
171            android:name="androidx.window.extensions"
171-->[androidx.window:window:1.0.0-beta04] AndroidManifest.xml:26:13-54
172            android:required="false" />
172-->[androidx.window:window:1.0.0-beta04] AndroidManifest.xml:27:13-37
173        <uses-library
173-->[androidx.window:window:1.0.0-beta04] AndroidManifest.xml:28:9-30:40
174            android:name="androidx.window.sidecar"
174-->[androidx.window:window:1.0.0-beta04] AndroidManifest.xml:29:13-51
175            android:required="false" />
175-->[androidx.window:window:1.0.0-beta04] AndroidManifest.xml:30:13-37
176
177        <provider
177-->[androidx.lifecycle:lifecycle-process:2.6.1] AndroidManifest.xml:24:9-32:20
178            android:name="androidx.startup.InitializationProvider"
178-->[androidx.lifecycle:lifecycle-process:2.6.1] AndroidManifest.xml:25:13-67
179            android:authorities="com.laporin.app.androidx-startup"
179-->[androidx.lifecycle:lifecycle-process:2.6.1] AndroidManifest.xml:26:13-68
180            android:exported="false" >
180-->[androidx.lifecycle:lifecycle-process:2.6.1] AndroidManifest.xml:27:13-37
181            <meta-data
181-->[androidx.lifecycle:lifecycle-process:2.6.1] AndroidManifest.xml:29:13-31:52
182                android:name="androidx.lifecycle.ProcessLifecycleInitializer"
182-->[androidx.lifecycle:lifecycle-process:2.6.1] AndroidManifest.xml:30:17-78
183                android:value="androidx.startup" />
183-->[androidx.lifecycle:lifecycle-process:2.6.1] AndroidManifest.xml:31:17-49
184            <meta-data
184-->[androidx.profileinstaller:profileinstaller:1.3.0] AndroidManifest.xml:29:13-31:52
185                android:name="androidx.profileinstaller.ProfileInstallerInitializer"
185-->[androidx.profileinstaller:profileinstaller:1.3.0] AndroidManifest.xml:30:17-85
186                android:value="androidx.startup" />
186-->[androidx.profileinstaller:profileinstaller:1.3.0] AndroidManifest.xml:31:17-49
187        </provider>
188
189        <receiver
189-->[androidx.profileinstaller:profileinstaller:1.3.0] AndroidManifest.xml:34:9-52:20
190            android:name="androidx.profileinstaller.ProfileInstallReceiver"
190-->[androidx.profileinstaller:profileinstaller:1.3.0] AndroidManifest.xml:35:13-76
191            android:directBootAware="false"
191-->[androidx.profileinstaller:profileinstaller:1.3.0] AndroidManifest.xml:36:13-44
192            android:enabled="true"
192-->[androidx.profileinstaller:profileinstaller:1.3.0] AndroidManifest.xml:37:13-35
193            android:exported="true"
193-->[androidx.profileinstaller:profileinstaller:1.3.0] AndroidManifest.xml:38:13-36
194            android:permission="android.permission.DUMP" >
194-->[androidx.profileinstaller:profileinstaller:1.3.0] AndroidManifest.xml:39:13-57
195            <intent-filter>
195-->[androidx.profileinstaller:profileinstaller:1.3.0] AndroidManifest.xml:40:13-42:29
196                <action android:name="androidx.profileinstaller.action.INSTALL_PROFILE" />
196-->[androidx.profileinstaller:profileinstaller:1.3.0] AndroidManifest.xml:41:17-91
196-->[androidx.profileinstaller:profileinstaller:1.3.0] AndroidManifest.xml:41:25-88
197            </intent-filter>
198            <intent-filter>
198-->[androidx.profileinstaller:profileinstaller:1.3.0] AndroidManifest.xml:43:13-45:29
199                <action android:name="androidx.profileinstaller.action.SKIP_FILE" />
199-->[androidx.profileinstaller:profileinstaller:1.3.0] AndroidManifest.xml:44:17-85
199-->[androidx.profileinstaller:profileinstaller:1.3.0] AndroidManifest.xml:44:25-82
200            </intent-filter>
201            <intent-filter>
201-->[androidx.profileinstaller:profileinstaller:1.3.0] AndroidManifest.xml:46:13-48:29
202                <action android:name="androidx.profileinstaller.action.SAVE_PROFILE" />
202-->[androidx.profileinstaller:profileinstaller:1.3.0] AndroidManifest.xml:47:17-88
202-->[androidx.profileinstaller:profileinstaller:1.3.0] AndroidManifest.xml:47:25-85
203            </intent-filter>
204            <intent-filter>
204-->[androidx.profileinstaller:profileinstaller:1.3.0] AndroidManifest.xml:49:13-51:29
205                <action android:name="androidx.profileinstaller.action.BENCHMARK_OPERATION" />
205-->[androidx.profileinstaller:profileinstaller:1.3.0] AndroidManifest.xml:50:17-95
205-->[androidx.profileinstaller:profileinstaller:1.3.0] AndroidManifest.xml:50:25-92
206            </intent-filter>
207        </receiver>
208
209        <service
209-->[com.google.android.datatransport:transport-backend-cct:3.1.9] AndroidManifest.xml:28:9-34:19
210            android:name="com.google.android.datatransport.runtime.backends.TransportBackendDiscovery"
210-->[com.google.android.datatransport:transport-backend-cct:3.1.9] AndroidManifest.xml:29:13-103
211            android:exported="false" >
211-->[com.google.android.datatransport:transport-backend-cct:3.1.9] AndroidManifest.xml:30:13-37
212            <meta-data
212-->[com.google.android.datatransport:transport-backend-cct:3.1.9] AndroidManifest.xml:31:13-33:39
213                android:name="backend:com.google.android.datatransport.cct.CctBackendFactory"
213-->[com.google.android.datatransport:transport-backend-cct:3.1.9] AndroidManifest.xml:32:17-94
214                android:value="cct" />
214-->[com.google.android.datatransport:transport-backend-cct:3.1.9] AndroidManifest.xml:33:17-36
215        </service>
216        <service
216-->[com.google.android.datatransport:transport-runtime:3.1.9] AndroidManifest.xml:26:9-30:19
217            android:name="com.google.android.datatransport.runtime.scheduling.jobscheduling.JobInfoSchedulerService"
217-->[com.google.android.datatransport:transport-runtime:3.1.9] AndroidManifest.xml:27:13-117
218            android:exported="false"
218-->[com.google.android.datatransport:transport-runtime:3.1.9] AndroidManifest.xml:28:13-37
219            android:permission="android.permission.BIND_JOB_SERVICE" >
219-->[com.google.android.datatransport:transport-runtime:3.1.9] AndroidManifest.xml:29:13-69
220        </service>
221
222        <receiver
222-->[com.google.android.datatransport:transport-runtime:3.1.9] AndroidManifest.xml:32:9-34:40
223            android:name="com.google.android.datatransport.runtime.scheduling.jobscheduling.AlarmManagerSchedulerBroadcastReceiver"
223-->[com.google.android.datatransport:transport-runtime:3.1.9] AndroidManifest.xml:33:13-132
224            android:exported="false" />
224-->[com.google.android.datatransport:transport-runtime:3.1.9] AndroidManifest.xml:34:13-37
225    </application>
226
227</manifest>